D:\C#\ALGORITMALAR VE PROGRAMLAMA (C++)\ODEV1\ODEV1\DEBUG\MAIN.OBJ
D:\C#\ALGORITMALAR VE PROGRAMLAMA (C++)\ODEV1\ODEV1\DEBUG\VC110.PDB
D:\C#\ALGORITMALAR VE PROGRAMLAMA (C++)\ODEV1\DEBUG\ODEV1.ILK
D:\C#\ALGORITMALAR VE PROGRAMLAMA (C++)\ODEV1\DEBUG\ODEV1.EXE
D:\C#\ALGORITMALAR VE PROGRAMLAMA (C++)\ODEV1\DEBUG\ODEV1.PDB
D:\C#\Algoritmalar ve Programlama (C++)\Odev1\Odev1\Debug\main.obj
D:\C#\Algoritmalar ve Programlama (C++)\Odev1\Odev1\Debug\cl.command.1.tlog
D:\C#\Algoritmalar ve Programlama (C++)\Odev1\Odev1\Debug\CL.read.1.tlog
D:\C#\Algoritmalar ve Programlama (C++)\Odev1\Odev1\Debug\CL.write.1.tlog
D:\C#\Algoritmalar ve Programlama (C++)\Odev1\Odev1\Debug\link-cvtres.read.1.tlog
D:\C#\Algoritmalar ve Programlama (C++)\Odev1\Odev1\Debug\link-cvtres.write.1.tlog
D:\C#\Algoritmalar ve Programlama (C++)\Odev1\Odev1\Debug\link-rc.read.1.tlog
D:\C#\Algoritmalar ve Programlama (C++)\Odev1\Odev1\Debug\link-rc.write.1.tlog
D:\C#\Algoritmalar ve Programlama (C++)\Odev1\Odev1\Debug\link.21380-cvtres.read.1.tlog
D:\C#\Algoritmalar ve Programlama (C++)\Odev1\Odev1\Debug\link.21380-cvtres.write.1.tlog
D:\C#\Algoritmalar ve Programlama (C++)\Odev1\Odev1\Debug\link.21380-rc.read.1.tlog
D:\C#\Algoritmalar ve Programlama (C++)\Odev1\Odev1\Debug\link.21380-rc.write.1.tlog
D:\C#\Algoritmalar ve Programlama (C++)\Odev1\Odev1\Debug\link.21380.read.1.tlog
D:\C#\Algoritmalar ve Programlama (C++)\Odev1\Odev1\Debug\link.21380.write.1.tlog
D:\C#\Algoritmalar ve Programlama (C++)\Odev1\Odev1\Debug\link.23096-cvtres.read.1.tlog
D:\C#\Algoritmalar ve Programlama (C++)\Odev1\Odev1\Debug\link.23096-cvtres.write.1.tlog
D:\C#\Algoritmalar ve Programlama (C++)\Odev1\Odev1\Debug\link.23096-rc.read.1.tlog
D:\C#\Algoritmalar ve Programlama (C++)\Odev1\Odev1\Debug\link.23096-rc.write.1.tlog
D:\C#\Algoritmalar ve Programlama (C++)\Odev1\Odev1\Debug\link.23096.read.1.tlog
D:\C#\Algoritmalar ve Programlama (C++)\Odev1\Odev1\Debug\link.23096.write.1.tlog
D:\C#\Algoritmalar ve Programlama (C++)\Odev1\Odev1\Debug\link.command.1.tlog
D:\C#\Algoritmalar ve Programlama (C++)\Odev1\Odev1\Debug\link.read.1.tlog
D:\C#\Algoritmalar ve Programlama (C++)\Odev1\Odev1\Debug\link.write.1.tlog
D:\C#\Algoritmalar ve Programlama (C++)\Odev1\Odev1\Debug\vc110.idb
D:\C#\Algoritmalar ve Programlama (C++)\Odev1\Odev1\Debug\vc110.pdb
D:\C#\Algoritmalar ve Programlama (C++)\Odev1\Debug\Odev1.pdb
D:\C#\Algoritmalar ve Programlama (C++)\Odev1\Debug\Odev1.exe
D:\C#\Algoritmalar ve Programlama (C++)\Odev1\Debug\Odev1.ilk
